<?xml version="1.0" encoding="UTF-8"?>
<robot generator="Robot 6.0.2 (Python 3.11.2 on linux)" generated="20230409 10:14:35.712" rpa="false" schemaversion="3">
<suite id="s1" name="Login Correct Creds" source="/home/koinworks/Personal/project/automation-robot-framework/src/test_cases/login_correct_creds.robot">
<test id="s1-t1" name="Verify Successful Login to Facebook Lite" line="7">
<kw name="Open Test Application" library="login_page">
<kw name="Open Application" library="AppiumLibrary">
<arg>${REMOTE_URL}</arg>
<arg>deviceName=${DEVICE_NAME}</arg>
<arg>platformName=${PLATFORM_NAME}</arg>
<arg>appPackage=${PACKAGE_NAME}</arg>
<arg>appActivity=${APP_ACTIVITY}</arg>
<arg>automationName=${ANDROID_AUTOMATION_NAME}</arg>
<arg>app=${APP_LOCATION}</arg>
<doc>Opens a new application to given Appium server.
Capabilities of appium server, Android and iOS,
Please check https://github.com/appium/appium/blob/master/docs/en/writing-running-appium/server-args.md
| *Option*            | *Man.* | *Description*     |
| remote_url          | Yes    | Appium server url |
| alias               | no     | alias             |
| strict_ssl          | No     | allows you to send commands to an invalid certificate host like a self-signed one. |</doc>
<status status="PASS" starttime="20230409 10:14:35.816" endtime="20230409 10:14:41.093"/>
</kw>
<status status="PASS" starttime="20230409 10:14:35.816" endtime="20230409 10:14:41.093"/>
</kw>
<kw name="Wait Until Element Is Visible" library="AppiumLibrary">
<arg>com.android.permissioncontroller:id/content_container</arg>
<doc>Waits until element specified with `locator` is visible.</doc>
<msg timestamp="20230409 10:14:42.452" level="INFO">criteria is com.android.permissioncontroller:id/content_container
criteria is com.android.permissioncontroller:id/content_container</msg>
<status status="PASS" starttime="20230409 10:14:41.093" endtime="20230409 10:14:42.453"/>
</kw>
<kw name="Auto Grant" library="login_page">
<kw name="Click Element" library="AppiumLibrary">
<arg>com.android.permissioncontroller:id/permission_deny_button</arg>
<doc>Click element identified by `locator`.</doc>
<msg timestamp="20230409 10:14:42.454" level="INFO">Clicking element 'com.android.permissioncontroller:id/permission_deny_button'.</msg>
<msg timestamp="20230409 10:14:42.513" level="INFO">criteria is com.android.permissioncontroller:id/permission_deny_button</msg>
<status status="PASS" starttime="20230409 10:14:42.453" endtime="20230409 10:14:42.513"/>
</kw>
<status status="PASS" starttime="20230409 10:14:42.453" endtime="20230409 10:14:42.513"/>
</kw>
<kw name="Insert Username" library="login_page">
<kw name="Input Text" library="AppiumLibrary">
<arg>${USERNAME_FIELD}</arg>
<arg>${USERNAME}</arg>
<doc>Types the given `text` into text field identified by `locator`.</doc>
<msg timestamp="20230409 10:14:42.515" level="INFO">Typing text 'alvis.bebewash@gmail.com' into text field 'xpath=/hierarchy/android.widget.FrameLayout/android.widget.LinearLayout/android.widget.FrameLayout/android.widget.FrameLayout/android.widget.FrameLayout/android.view.ViewGroup[2]/android.widget.MultiAutoCompleteTextView[1]'</msg>
<msg timestamp="20230409 10:14:43.847" level="INFO">xpath criteria: /hierarchy/android.widget.FrameLayout/android.widget.LinearLayout/android.widget.FrameLayout/android.widget.FrameLayout/android.widget.FrameLayout/android.view.ViewGroup[2]/android.widget.MultiAutoCompleteTextView[1]</msg>
<status status="PASS" starttime="20230409 10:14:42.514" endtime="20230409 10:14:43.847"/>
</kw>
<status status="PASS" starttime="20230409 10:14:42.513" endtime="20230409 10:14:43.847"/>
</kw>
<kw name="Insert Password" library="login_page">
<kw name="Input Text" library="AppiumLibrary">
<arg>${PASSWORD_FIELD}</arg>
<arg>${PASSWORD}</arg>
<doc>Types the given `text` into text field identified by `locator`.</doc>
<msg timestamp="20230409 10:14:43.849" level="INFO">Typing text 'bebewash123' into text field 'xpath=/hierarchy/android.widget.FrameLayout/android.widget.LinearLayout/android.widget.FrameLayout/android.widget.FrameLayout/android.widget.FrameLayout/android.view.ViewGroup[2]/android.widget.MultiAutoCompleteTextView[2]'</msg>
<msg timestamp="20230409 10:14:44.389" level="INFO">xpath criteria: /hierarchy/android.widget.FrameLayout/android.widget.LinearLayout/android.widget.FrameLayout/android.widget.FrameLayout/android.widget.FrameLayout/android.view.ViewGroup[2]/android.widget.MultiAutoCompleteTextView[2]</msg>
<status status="PASS" starttime="20230409 10:14:43.848" endtime="20230409 10:14:44.390"/>
</kw>
<status status="PASS" starttime="20230409 10:14:43.847" endtime="20230409 10:14:44.390"/>
</kw>
<kw name="Click Login Button" library="login_page">
<kw name="Click Element" library="AppiumLibrary">
<arg>${LOGIN_BUTTON}</arg>
<doc>Click element identified by `locator`.</doc>
<msg timestamp="20230409 10:14:44.391" level="INFO">Clicking element 'xpath=/hierarchy/android.widget.FrameLayout/android.widget.LinearLayout/android.widget.FrameLayout/android.widget.FrameLayout/android.widget.FrameLayout/android.view.ViewGroup[2]/android.view.ViewGroup[1]'.</msg>
<msg timestamp="20230409 10:14:44.939" level="INFO">xpath criteria: /hierarchy/android.widget.FrameLayout/android.widget.LinearLayout/android.widget.FrameLayout/android.widget.FrameLayout/android.widget.FrameLayout/android.view.ViewGroup[2]/android.view.ViewGroup[1]</msg>
<status status="PASS" starttime="20230409 10:14:44.390" endtime="20230409 10:14:44.939"/>
</kw>
<status status="PASS" starttime="20230409 10:14:44.390" endtime="20230409 10:14:44.939"/>
</kw>
<status status="PASS" starttime="20230409 10:14:35.816" endtime="20230409 10:14:44.939"/>
</test>
<doc>Page Object in Robot Framework</doc>
<status status="PASS" starttime="20230409 10:14:35.713" endtime="20230409 10:14:44.940"/>
</suite>
<statistics>
<total>
<stat pass="1" fail="0" skip="0">All Tests</stat>
</total>
<tag>
</tag>
<suite>
<stat pass="1" fail="0" skip="0" id="s1" name="Login Correct Creds">Login Correct Creds</stat>
</suite>
</statistics>
<errors>
</errors>
</robot>
