<?xml version="1.0" encoding="UTF-8"?>
<robot generator="Robot 6.0.2 (Python 3.11.2 on linux)" generated="20230409 10:43:57.870" rpa="false" schemaversion="3">
<suite id="s1" name="Automation-Robot-Framework" source="/home/koinworks/Personal/project/automation-robot-framework">
<suite id="s1-s1" name="Src" source="/home/koinworks/Personal/project/automation-robot-framework/src">
<suite id="s1-s1-s1" name="Test Cases" source="/home/koinworks/Personal/project/automation-robot-framework/src/test_cases">
<suite id="s1-s1-s1-s1" name="Login Incorrect Creds" source="/home/koinworks/Personal/project/automation-robot-framework/src/test_cases/login_incorrect_creds.robot">
<test id="s1-s1-s1-s1-t1" name="Verify Successful Login to Facebook Lite" line="11">
<kw name="Open Test Application" library="login_page">
<kw name="Open Application" library="AppiumLibrary">
<arg>${REMOTE_URL}</arg>
<arg>deviceName=${DEVICE_NAME}</arg>
<arg>platformName=${PLATFORM_NAME}</arg>
<arg>appPackage=${PACKAGE_NAME}</arg>
<arg>appActivity=${APP_ACTIVITY}</arg>
<arg>automationName=${ANDROID_AUTOMATION_NAME}</arg>
<arg>app=${APP_LOCATION}</arg>
<doc>Opens a new application to given Appium server.
Capabilities of appium server, Android and iOS,
Please check https://github.com/appium/appium/blob/master/docs/en/writing-running-appium/server-args.md
| *Option*            | *Man.* | *Description*     |
| remote_url          | Yes    | Appium server url |
| alias               | no     | alias             |
| strict_ssl          | No     | allows you to send commands to an invalid certificate host like a self-signed one. |</doc>
<status status="PASS" starttime="20230409 10:43:57.986" endtime="20230409 10:44:02.913"/>
</kw>
<status status="PASS" starttime="20230409 10:43:57.985" endtime="20230409 10:44:02.913"/>
</kw>
<kw name="Wait Until Element Is Visible" library="AppiumLibrary">
<arg>com.android.permissioncontroller:id/content_container</arg>
<doc>Waits until element specified with `locator` is visible.</doc>
<msg timestamp="20230409 10:44:04.001" level="INFO">criteria is com.android.permissioncontroller:id/content_container</msg>
<status status="PASS" starttime="20230409 10:44:02.913" endtime="20230409 10:44:04.002"/>
</kw>
<kw name="Auto Grant" library="login_page">
<kw name="Click Element" library="AppiumLibrary">
<arg>com.android.permissioncontroller:id/permission_deny_button</arg>
<doc>Click element identified by `locator`.</doc>
<msg timestamp="20230409 10:44:04.005" level="INFO">Clicking element 'com.android.permissioncontroller:id/permission_deny_button'.</msg>
<msg timestamp="20230409 10:44:05.340" level="INFO">criteria is com.android.permissioncontroller:id/permission_deny_button</msg>
<status status="PASS" starttime="20230409 10:44:04.003" endtime="20230409 10:44:05.340"/>
</kw>
<status status="PASS" starttime="20230409 10:44:04.002" endtime="20230409 10:44:05.340"/>
</kw>
<kw name="Input Text" library="AppiumLibrary">
<arg>${USERNAME_FIELD}</arg>
<arg>${USERNAME}</arg>
<doc>Types the given `text` into text field identified by `locator`.</doc>
<msg timestamp="20230409 10:44:05.342" level="INFO">Typing text 'alvis.bebewash@gmail.com' into text field 'xpath=/hierarchy/android.widget.FrameLayout/android.widget.LinearLayout/android.widget.FrameLayout/android.widget.FrameLayout/android.widget.FrameLayout/android.view.ViewGroup[2]/android.widget.MultiAutoCompleteTextView[1]'</msg>
<msg timestamp="20230409 10:44:05.529" level="INFO">xpath criteria: /hierarchy/android.widget.FrameLayout/android.widget.LinearLayout/android.widget.FrameLayout/android.widget.FrameLayout/android.widget.FrameLayout/android.view.ViewGroup[2]/android.widget.MultiAutoCompleteTextView[1]</msg>
<status status="PASS" starttime="20230409 10:44:05.341" endtime="20230409 10:44:05.530"/>
</kw>
<kw name="Input Text" library="AppiumLibrary">
<arg>${PASSWORD_FIELD}</arg>
<arg>${PASSWORD}</arg>
<doc>Types the given `text` into text field identified by `locator`.</doc>
<msg timestamp="20230409 10:44:05.531" level="INFO">Typing text 'Qwerty' into text field 'xpath=/hierarchy/android.widget.FrameLayout/android.widget.LinearLayout/android.widget.FrameLayout/android.widget.FrameLayout/android.widget.FrameLayout/android.view.ViewGroup[2]/android.widget.MultiAutoCompleteTextView[2]'</msg>
<msg timestamp="20230409 10:44:06.064" level="INFO">xpath criteria: /hierarchy/android.widget.FrameLayout/android.widget.LinearLayout/android.widget.FrameLayout/android.widget.FrameLayout/android.widget.FrameLayout/android.view.ViewGroup[2]/android.widget.MultiAutoCompleteTextView[2]</msg>
<status status="PASS" starttime="20230409 10:44:05.530" endtime="20230409 10:44:06.065"/>
</kw>
<kw name="Click Login Button" library="login_page">
<kw name="Click Element" library="AppiumLibrary">
<arg>${LOGIN_BUTTON}</arg>
<doc>Click element identified by `locator`.</doc>
<msg timestamp="20230409 10:44:06.069" level="INFO">Clicking element 'xpath=/hierarchy/android.widget.FrameLayout/android.widget.LinearLayout/android.widget.FrameLayout/android.widget.FrameLayout/android.widget.FrameLayout/android.view.ViewGroup[2]/android.view.ViewGroup[1]'.</msg>
<msg timestamp="20230409 10:44:06.641" level="INFO">xpath criteria: /hierarchy/android.widget.FrameLayout/android.widget.LinearLayout/android.widget.FrameLayout/android.widget.FrameLayout/android.widget.FrameLayout/android.view.ViewGroup[2]/android.view.ViewGroup[1]</msg>
<status status="PASS" starttime="20230409 10:44:06.066" endtime="20230409 10:44:06.641"/>
</kw>
<status status="PASS" starttime="20230409 10:44:06.065" endtime="20230409 10:44:06.641"/>
</kw>
<kw name="Sleep" library="BuiltIn">
<arg>5</arg>
<doc>Pauses the test executed for the given time.</doc>
<msg timestamp="20230409 10:44:11.643" level="INFO">Slept 5 seconds</msg>
<status status="PASS" starttime="20230409 10:44:06.642" endtime="20230409 10:44:11.643"/>
</kw>
<kw name="Auto Grant" library="login_page">
<kw name="Click Element" library="AppiumLibrary">
<arg>com.android.permissioncontroller:id/permission_deny_button</arg>
<doc>Click element identified by `locator`.</doc>
<msg timestamp="20230409 10:44:11.650" level="INFO">Clicking element 'com.android.permissioncontroller:id/permission_deny_button'.</msg>
<msg timestamp="20230409 10:44:11.722" level="INFO">criteria is com.android.permissioncontroller:id/permission_deny_button</msg>
<status status="PASS" starttime="20230409 10:44:11.646" endtime="20230409 10:44:11.722"/>
</kw>
<status status="PASS" starttime="20230409 10:44:11.645" endtime="20230409 10:44:11.723"/>
</kw>
<kw name="Wait Until Element Is Visible" library="AppiumLibrary">
<arg>${POPUP_WRONG_PWD}</arg>
<doc>Waits until element specified with `locator` is visible.</doc>
<msg timestamp="20230409 10:44:12.829" level="INFO">xpath criteria: /hierarchy/android.widget.FrameLayout/android.widget.LinearLayout/android.widget.FrameLayout/android.widget.FrameLayout/android.widget.FrameLayout/android.view.ViewGroup[4]/android.view.ViewGroup/android.view.ViewGroup/android.view.ViewGroup
xpath criteria: /hierarchy/android.widget.FrameLayout/android.widget.LinearLayout/android.widget.FrameLayout/android.widget.FrameLayout/android.widget.FrameLayout/android.view.ViewGroup[4]/android.view.ViewGroup/android.view.ViewGroup/android.view.ViewGroup</msg>
<status status="PASS" starttime="20230409 10:44:11.723" endtime="20230409 10:44:12.829"/>
</kw>
<kw name="Click Element" library="AppiumLibrary">
<arg>${BUTTON_OK_WRONG_PWD}</arg>
<doc>Click element identified by `locator`.</doc>
<msg timestamp="20230409 10:44:12.833" level="INFO">Clicking element 'xpath=/hierarchy/android.widget.FrameLayout/android.widget.LinearLayout/android.widget.FrameLayout/android.widget.FrameLayout/android.widget.FrameLayout/android.view.ViewGroup[4]/android.view.ViewGroup/android.view.ViewGroup/android.view.ViewGroup/android.view.ViewGroup/android.view.View'.</msg>
<msg timestamp="20230409 10:44:12.915" level="INFO">xpath criteria: /hierarchy/android.widget.FrameLayout/android.widget.LinearLayout/android.widget.FrameLayout/android.widget.FrameLayout/android.widget.FrameLayout/android.view.ViewGroup[4]/android.view.ViewGroup/android.view.ViewGroup/android.view.ViewGroup/android.view.ViewGroup/android.view.View</msg>
<status status="PASS" starttime="20230409 10:44:12.830" endtime="20230409 10:44:12.915"/>
</kw>
<status status="PASS" starttime="20230409 10:43:57.984" endtime="20230409 10:44:12.915"/>
</test>
<doc>Page Object in Robot Framework</doc>
<status status="PASS" starttime="20230409 10:43:57.890" endtime="20230409 10:44:12.917"/>
</suite>
<status status="PASS" starttime="20230409 10:43:57.889" endtime="20230409 10:44:12.918"/>
</suite>
<status status="PASS" starttime="20230409 10:43:57.887" endtime="20230409 10:44:12.920"/>
</suite>
<status status="PASS" starttime="20230409 10:43:57.872" endtime="20230409 10:44:12.921"/>
</suite>
<statistics>
<total>
<stat pass="1" fail="0" skip="0">All Tests</stat>
</total>
<tag>
</tag>
<suite>
<stat pass="1" fail="0" skip="0" id="s1" name="Automation-Robot-Framework">Automation-Robot-Framework</stat>
<stat pass="1" fail="0" skip="0" id="s1-s1" name="Src">Automation-Robot-Framework.Src</stat>
<stat pass="1" fail="0" skip="0" id="s1-s1-s1" name="Test Cases">Automation-Robot-Framework.Src.Test Cases</stat>
<stat pass="1" fail="0" skip="0" id="s1-s1-s1-s1" name="Login Incorrect Creds">Automation-Robot-Framework.Src.Test Cases.Login Incorrect Creds</stat>
</suite>
</statistics>
<errors>
</errors>
</robot>
